<?xml version="1.0" encoding="UTF-8"?>
<!-- Generated by org.testng.reporters.JUnitReportReporter -->
<testsuite hostname="DESKTOP-O86VKHR" failures="0" tests="2" name="practise.AppiumFramework.TestClass" time="0.011" errors="0" timestamp="2020-02-15T17:16:14 IST" skipped="0">
  <testcase classname="practise.AppiumFramework.TestClass" name="firstMethod" time="0.002"/>
  <testcase classname="practise.AppiumFramework.TestClass" name="secondMethod" time="0.009"/>
</testsuite> <!-- practise.AppiumFramework.TestClass -->
