<?xml version="1.0" encoding="UTF-8"?>
<!-- Generated by org.testng.reporters.JUnitReportReporter -->
<testsuite hostname="DESKTOP-O86VKHR" failures="0" tests="1" name="practise.AppiumFramework.FirstPageFormFilling" time="67.671" errors="0" timestamp="2020-02-10T09:22:49 IST" skipped="0">
  <testcase classname="practise.AppiumFramework.FirstPageFormFilling" name="formFilling" time="67.671"/>
</testsuite> <!-- practise.AppiumFramework.FirstPageFormFilling -->
