<?xml version="1.0" encoding="UTF-8"?>
<!-- Generated by org.testng.reporters.JUnitReportReporter -->
<testsuite hostname="DESKTOP-O86VKHR" failures="0" tests="1" name="practise.AppiumFramework.FirstPageFormFilling" time="87.422" errors="0" timestamp="2020-02-15T17:16:14 IST" skipped="0">
  <testcase classname="practise.AppiumFramework.FirstPageFormFilling" name="formFilling" time="87.422"/>
</testsuite> <!-- practise.AppiumFramework.FirstPageFormFilling -->
