<?xml version="1.0" encoding="UTF-8"?>
<!-- Generated by org.testng.reporters.JUnitReportReporter -->
<testsuite hostname="DESKTOP-O86VKHR" failures="0" tests="1" name="practise.AppiumFramework.FirstPageFormFilling" time="62.416" errors="0" timestamp="14 Feb 2020 04:55:44 GMT" skipped="0">
  <testcase classname="practise.AppiumFramework.FirstPageFormFilling" name="formFilling" time="62.416"/>
</testsuite> <!-- practise.AppiumFramework.FirstPageFormFilling -->
