<?xml version="1.0" encoding="UTF-8"?>
<!-- Generated by org.testng.reporters.JUnitReportReporter -->
<testsuite hostname="DESKTOP-O86VKHR" failures="0" tests="2" name="practise.AppiumFramework.TestClass" time="0.004" errors="0" timestamp="15 Feb 2020 11:48:32 GMT" skipped="0">
  <testcase classname="practise.AppiumFramework.TestClass" name="secondMethod" time="0.003"/>
  <testcase classname="practise.AppiumFramework.TestClass" name="firstMethod" time="0.001"/>
</testsuite> <!-- practise.AppiumFramework.TestClass -->
