<?xml version="1.0" encoding="UTF-8"?>
<!-- Generated by org.testng.reporters.JUnitReportReporter -->
<testsuite hostname="DESKTOP-O86VKHR" failures="0" tests="1" name="practise.AppiumFramework.FirstPageFormFilling" time="80.557" errors="0" timestamp="15 Feb 2020 11:48:32 GMT" skipped="0">
  <testcase classname="practise.AppiumFramework.FirstPageFormFilling" name="formFilling" time="80.557"/>
</testsuite> <!-- practise.AppiumFramework.FirstPageFormFilling -->
